<?xml version="1.0" encoding="UTF-8"?>
<!-- Generated by org.testng.reporters.JUnitReportReporter -->
<testsuite hostname="DESKTOP-MDONFEQ" failures="0" tests="5" name="testScripts.BblogTestcase" time="47.486" errors="0" timestamp="2021-04-26T13:15:44 EDT" skipped="0">
  <testcase classname="testScripts.BblogTestcase" name="loginBBlog" time="11.743"/>
  <system-out/>
  <testcase classname="testScripts.BblogTestcase" name="addArticle" time="13.326"/>
  <system-out/>
  <testcase classname="testScripts.BblogTestcase" name="UpdateArticle" time="9.236"/>
  <system-out/>
  <testcase classname="testScripts.BblogTestcase" name="DeleteArticle" time="5.053"/>
  <system-out/>
  <testcase classname="testScripts.BblogTestcase" name="logOut" time="8.128"/>
  <system-out/>
</testsuite> <!-- testScripts.BblogTestcase -->
